<?xml version="1.0" encoding="UTF-8"?>
<!-- Generated by org.testng.reporters.JUnitReportReporter -->
<testsuite hostname="IND040101007" failures="0" tests="2" name="com.crm.qa.test.LoginPageTest" time="16.313" errors="0" timestamp="2023-12-28T17:17:30 IST" skipped="0">
  <testcase classname="com.crm.qa.test.LoginPageTest" name="validateTitle" time="5.612"/>
  <testcase classname="com.crm.qa.test.LoginPageTest" name="login" time="10.701"/>
</testsuite> <!-- com.crm.qa.test.LoginPageTest -->
