<?xml version="1.0" encoding="UTF-8"?>
<!-- Generated by org.testng.reporters.JUnitReportReporter -->
<testsuite hostname="IND040101007" failures="0" tests="2" name="com.crm.qa.test.LoginPageTest" time="15.765" errors="0" timestamp="2023-12-29T13:04:02 IST" skipped="0">
  <testcase classname="com.crm.qa.test.LoginPageTest" name="login" time="10.032"/>
  <testcase classname="com.crm.qa.test.LoginPageTest" name="validateTitle" time="5.733"/>
</testsuite> <!-- com.crm.qa.test.LoginPageTest -->
