<?xml version="1.0" encoding="UTF-8"?>
<!-- Generated by org.testng.reporters.JUnitReportReporter -->
<testsuite hostname="IND040101007" failures="0" tests="2" name="com.crm.qa.test.HomePageTest" time="21.250" errors="0" timestamp="2023-12-29T13:04:02 IST" skipped="0">
  <testcase classname="com.crm.qa.test.HomePageTest" name="verifyHomePageTitleTest" time="9.831"/>
  <testcase classname="com.crm.qa.test.HomePageTest" name="verifyUsernameTest" time="11.419"/>
</testsuite> <!-- com.crm.qa.test.HomePageTest -->
